<?xml version="1.0" encoding="UTF-8"?>
<!-- Generated by org.testng.reporters.JUnitXMLReporter -->
<testsuite hostname="DESKTOP-I05J5N3" ignored="0" name="Test" tests="5" failures="0" timestamp="10 Mar 2020 15:29:34 GMT" time="1.181" errors="0">
  <testcase name="getEmployeeById" time="0.549" classname="company.employee_rest_api.GetEmployeesTest"/>
  <testcase name="deactivateEmployee" time="0.55" classname="company.employee_rest_api.DeactivateEmployeeTest"/>
  <testcase name="createEmployee" time="0.553" classname="company.employee_rest_api.CreateEmployeeTest"/>
  <testcase name="deleteEmployee" time="0.558" classname="company.employee_rest_api.DeleteEmployeeTest"/>
  <testcase name="getAllEmployees" time="1.158" classname="company.employee_rest_api.GetEmployeesTest"/>
</testsuite> <!-- Test -->
