<?xml version="1.0" encoding="UTF-8"?>
<testng-results skipped="0" failed="0" ignored="0" total="1" passed="1">
  <reporter-output>
  </reporter-output>
  <suite name="Default suite" duration-ms="624" started-at="2020-03-10T15:38:46Z" finished-at="2020-03-10T15:38:47Z">
    <groups>
    </groups>
    <test name="Default test" duration-ms="624" started-at="2020-03-10T15:38:46Z" finished-at="2020-03-10T15:38:47Z">
      <class name="company.employee_rest_api.DeactivateEmployeeTest">
        <test-method status="PASS" signature="deactivateEmployee()[pri:0, instance:company.employee_rest_api.DeactivateEmployeeTest@2d928643]" name="deactivateEmployee" duration-ms="602" started-at="2020-03-10T15:38:46Z" finished-at="2020-03-10T15:38:47Z">
          <reporter-output>
          </reporter-output>
        </test-method> <!-- deactivateEmployee -->
      </class> <!-- company.employee_rest_api.DeactivateEmployeeTest -->
    </test> <!-- Default test -->
  </suite> <!-- Default suite -->
</testng-results>
