<?xml version="1.0" encoding="UTF-8"?>
<testng-results skipped="0" failed="0" ignored="0" total="1" passed="1">
  <reporter-output>
  </reporter-output>
  <suite name="Default suite" duration-ms="641" started-at="2020-03-10T14:56:41Z" finished-at="2020-03-10T14:56:41Z">
    <groups>
    </groups>
    <test name="Default test" duration-ms="641" started-at="2020-03-10T14:56:41Z" finished-at="2020-03-10T14:56:41Z">
      <class name="company.employee_rest_api.DeleteEmployeeTest">
        <test-method status="PASS" signature="deleteEmployee()[pri:0, instance:company.employee_rest_api.DeleteEmployeeTest@2d928643]" name="deleteEmployee" duration-ms="616" started-at="2020-03-10T14:56:41Z" finished-at="2020-03-10T14:56:41Z">
          <reporter-output>
          </reporter-output>
        </test-method> <!-- deleteEmployee -->
      </class> <!-- company.employee_rest_api.DeleteEmployeeTest -->
    </test> <!-- Default test -->
  </suite> <!-- Default suite -->
</testng-results>
